Added Component: Designator=J3(JP3)
Add component (AddParameter): Name = "Value"; Value = "J3"; VariantName = "[No Variations]"
Added Component: Designator=M1(PSPMH3)
Add component (AddParameter): Name = "ASSEMBLY"; Value = "DNP"; VariantName = "[No Variations]"
Add component (AddParameter): Name = "MANF"; Value = ""; VariantName = "[No Variations]"
Add component (AddParameter): Name = "MANF_P#"; Value = ""; VariantName = "[No Variations]"
Add component (AddParameter): Name = "VALUE"; Value = "DNP/MH"; VariantName = "[No Variations]"
Added Component: Designator=M2(PSPMH3)
Add component (AddParameter): Name = "ASSEMBLY"; Value = "DNP"; VariantName = "[No Variations]"
Add component (AddParameter): Name = "MANF"; Value = ""; VariantName = "[No Variations]"
Add component (AddParameter): Name = "MANF_P#"; Value = ""; VariantName = "[No Variations]"
Add component (AddParameter): Name = "VALUE"; Value = "DNP/MH"; VariantName = "[No Variations]"
Added Component: Designator=M3(PSPMH3)
Add component (AddParameter): Name = "ASSEMBLY"; Value = "DNP"; VariantName = "[No Variations]"
Add component (AddParameter): Name = "MANF"; Value = ""; VariantName = "[No Variations]"
Add component (AddParameter): Name = "MANF_P#"; Value = ""; VariantName = "[No Variations]"
Add component (AddParameter): Name = "VALUE"; Value = "DNP/MH"; VariantName = "[No Variations]"
Added Component: Designator=M4(PSPMH3)
Add component (AddParameter): Name = "ASSEMBLY"; Value = "DNP"; VariantName = "[No Variations]"
Add component (AddParameter): Name = "MANF"; Value = ""; VariantName = "[No Variations]"
Add component (AddParameter): Name = "MANF_P#"; Value = ""; VariantName = "[No Variations]"
Add component (AddParameter): Name = "VALUE"; Value = "DNP/MH"; VariantName = "[No Variations]"
Added Pin To Net: NetName=ADC_VOL Pin=J3-1
Added Pin To Net: NetName=GND Pin=J3-2
Added Pin To Net: NetName=+5 Pin=J3-3
Added Member To Class: ClassName=AC_voltage_sensor Member=Component J3 Jumper 3
Added Member To Class: ClassName=AC_voltage_sensor Member=Component M1 DNP/MH
Added Member To Class: ClassName=AC_voltage_sensor Member=Component M2 DNP/MH
Added Member To Class: ClassName=AC_voltage_sensor Member=Component M3 DNP/MH
Added Member To Class: ClassName=AC_voltage_sensor Member=Component M4 DNP/MH
Added Room: Name=AC_voltage_sensor
