Change Component Designator: Old Designator=LD? New Designator=LD1.4
Change Component Designator: Old Designator=LD? New Designator=LD2.4
Change Component Designator: Old Designator=LO? New Designator=LO1.4
Change Component Designator: Old Designator=LO? New Designator=LO2.4
Change Component Designator: Old Designator=LO? New Designator=LO3.4
Change Component Designator: Old Designator=LO? New Designator=LO4.4
Change Component Designator: Old Designator=LO? New Designator=LO5.4
Change Component Designator: Old Designator=LO? New Designator=LO6.4
Change Component Designator: Old Designator=P? New Designator=P1.4
Change Component Designator: Old Designator=P? New Designator=P2.4
Change Component Designator: Old Designator=P? New Designator=P3.4
Change Component Designator: Old Designator=P? New Designator=P4.4
Change Component Designator: Old Designator=P? New Designator=P5.4
Change Component Designator: Old Designator=P? New Designator=P7.4
Change Component Designator: Old Designator=P? New Designator=P8.4
Change Component Designator: Old Designator=P? New Designator=P9.4
Change Component Designator: Old Designator=P? New Designator=P10.4
Change Component Designator: Old Designator=R? New Designator=R3.4
Change Component Designator: Old Designator=R? New Designator=R4.4
Change Component Designator: Old Designator=U? New Designator=U2.4
Change Component Designator: Old Designator=U? New Designator=U5.4
Change Component Designator: Old Designator=U?? New Designator=U1.4
Change Component Designator: Old Designator=U?? New Designator=U3.4
