Change Component Designator: Old Designator=C? New Designator=C1.4
Change Component Designator: Old Designator=C? New Designator=C2.4
Change Component Designator: Old Designator=C? New Designator=C3.4
Change Component Designator: Old Designator=C? New Designator=C4.4
Change Component Designator: Old Designator=C? New Designator=C5.4
Change Component Designator: Old Designator=C? New Designator=C6.4
Change Component Designator: Old Designator=C? New Designator=C7.4
Change Component Designator: Old Designator=C? New Designator=C8.4
Change Component Designator: Old Designator=C? New Designator=C9.4
Change Component Designator: Old Designator=C? New Designator=C10.4
Change Component Designator: Old Designator=C? New Designator=C11.4
Change Component Designator: Old Designator=D? New Designator=D1.4
Change Component Designator: Old Designator=D? New Designator=D2.4
Change Component Designator: Old Designator=D? New Designator=D3.4
Change Component Designator: Old Designator=D? New Designator=D4.4
Change Component Designator: Old Designator=L? New Designator=L1.4
Change Component Designator: Old Designator=L? New Designator=L2.4
Change Component Designator: Old Designator=P? New Designator=P1.4
Change Component Designator: Old Designator=P? New Designator=P2.4
Change Component Designator: Old Designator=P? New Designator=P3.4
Change Component Designator: Old Designator=P? New Designator=P4.4
Change Component Designator: Old Designator=P? New Designator=P5.4
Change Component Designator: Old Designator=P? New Designator=P7.4
Change Component Designator: Old Designator=P? New Designator=P8.4
Change Component Designator: Old Designator=P?? New Designator=P6.4
Change Component Designator: Old Designator=R? New Designator=R1.4
Change Component Designator: Old Designator=R? New Designator=R2.4
Change Component Designator: Old Designator=U? New Designator=U2.4
Change Component Designator: Old Designator=U?? New Designator=U1.4
Change Component Designator: Old Designator=U?? New Designator=U3.4
Change Component Designator: Old Designator=U?? New Designator=U4.4
