Change Component Designator: Old Designator=? New Designator=1
Change Component Designator: Old Designator=? New Designator=2
Change Component Designator: Old Designator=? New Designator=3
Change Component Designator: Old Designator=? New Designator=4
Change Component Designator: Old Designator=? New Designator=5
Change Component Designator: Old Designator=? New Designator=6
Change Component Designator: Old Designator=? New Designator=7
Change Component Designator: Old Designator=? New Designator=8
Change Component Designator: Old Designator=? New Designator=9
Change Component Designator: Old Designator=? New Designator=10
Change Component Designator: Old Designator=? New Designator=11
Change Component Designator: Old Designator=? New Designator=12
Change Component Designator: Old Designator=? New Designator=13
Change Component Designator: Old Designator=? New Designator=14
Change Component Designator: Old Designator=? New Designator=15
Change Component Designator: Old Designator=? New Designator=16
Change Component Designator: Old Designator=? New Designator=17
Change Component Designator: Old Designator=? New Designator=18
Change Component Designator: Old Designator=? New Designator=19
Change Component Designator: Old Designator=? New Designator=20
Change Component Designator: Old Designator=? New Designator=21
Change Component Designator: Old Designator=? New Designator=22
Change Component Designator: Old Designator=? New Designator=23
Change Component Designator: Old Designator=? New Designator=24
Change Component Designator: Old Designator=? New Designator=25
Change Component Designator: Old Designator=? New Designator=26
Change Component Designator: Old Designator=? New Designator=27
Change Component Designator: Old Designator=? New Designator=28
Change Component Designator: Old Designator=? New Designator=29
Change Component Designator: Old Designator=? New Designator=30
Change Component Designator: Old Designator=? New Designator=31
Change Component Designator: Old Designator=? New Designator=32
Change Component Designator: Old Designator=? New Designator=33
Change Component Designator: Old Designator=? New Designator=34
Change Component Designator: Old Designator=B? New Designator=B1
Change Component Designator: Old Designator=B? New Designator=B2
Change Component Designator: Old Designator=B? New Designator=B3
Change Component Designator: Old Designator=B? New Designator=B4
Change Component Designator: Old Designator=B? New Designator=B5
Change Component Designator: Old Designator=HS_GATE? New Designator=HS_GATE1
Change Component Designator: Old Designator=IN+? New Designator=IN+1
Change Component Designator: Old Designator=JP? New Designator=JP1
Change Component Designator: Old Designator=SMB? New Designator=SMB1
